Arguments: 
  /home/apreczewski/.nvm/versions/node/v14.15.0/bin/node /usr/share/yarn/bin/yarn.js

PATH: 
  /home/apreczewski/Downloads/google-cloud-sdk/bin:/home/apreczewski/Downloads/google-cloud-sdk/bin:/home/apreczewski/.zinit/polaris/sbin:/home/apreczewski/.zinit/polaris/bin:/home/apreczewski/.nvm/versions/node/v14.15.0/bin:/home/apreczewski/.local/bin:/usr/local/sbin:/usr/local/bin:/usr/sbin:/usr/bin:/sbin:/bin:/usr/games:/usr/local/games:/snap/bin:/home/apreczewski/Android/Sdk/emulator:/home/apreczewski/Android/Sdk/tools:/home/apreczewski/Android/Sdk/tools/bin:/home/apreczewski/Android/Sdk/platform-tools:/home/apreczewski/.yarn-global/bin:/home/apreczewski/.zsh/completion:/home/apreczewski/Android/Sdk/emulator:/home/apreczewski/Android/Sdk/tools:/home/apreczewski/Android/Sdk/tools/bin:/home/apreczewski/Android/Sdk/platform-tools:/home/apreczewski/.yarn-global/bin:/home/apreczewski/.zsh/completion

Yarn version: 
  1.22.5

Node version: 
  14.15.0

Platform: 
  linux x64

Trace: 
  SyntaxError: /home/apreczewski/Projects/prolarapp/package.json: Unexpected token < in JSON at position 868
      at JSON.parse (<anonymous>)
      at /usr/share/yarn/lib/cli.js:1625:59
      at Generator.next (<anonymous>)
      at step (/usr/share/yarn/lib/cli.js:310:30)
      at /usr/share/yarn/lib/cli.js:321:13

npm manifest: 
  {
  	"main": "node_modules/expo/AppEntry.js",
  	"scripts": {
  		"start": "expo start",
  		"android": "expo start --android",
  		"ios": "expo start --ios",
  		"web": "expo start --web",
  		"eject": "expo eject",
  		"format": "prettier --write \"**/*.+(js|jsx|json|css|md)\"",
  		"precommit": "lint-staged",
  		"lint": "eslint src/",
  		"lint:fix": "eslint src/ --fix"
  	},
  	"dependencies": {
  		"@expo/vector-icons": "^12.0.5",
  		"@react-native-async-storage/async-storage": "~1.15.0",
  		"@react-native-masked-view/masked-view": "0.2.4",
  		"@react-navigation/drawer": "^6.1.4",
  		"@react-navigation/native": "^6.0.2",
  		"@react-navigation/stack": "^6.0.7",
  		"axios": "^0.21.1",
  		"expo": "~42.0.1",
  		"expo-app-loading": "^1.1.2",
  		"expo-file-system": "^11.1.3",
  		"expo-font": "~9.2.1",
  		"expo-image-picker": "^10.2.3",
  		"expo-sharing": "^9.2.1",
  		"expo-status-bar": "~1.0.4",

  		"faker": "^5.5.3",

  		"moment": "^2.29.1",

  		"prop-types": "^15.7.2",
  		"react": "16.13.1",
  		"react-dom": "16.13.1",
  		"react-native": "https://github.com/expo/react-native/archive/sdk-42.0.0.tar.gz",
  		"react-native-calendars": "^1.1266.0",
  		"react-native-gesture-handler": "~1.10.2",
  		"react-native-modal": "^13.0.0",
  		"react-native-reanimated": "~2.2.0",
  		"react-native-safe-area-context": "3.2.0",
  		"react-native-screens": "~3.4.0",
  		"react-native-step-indicator": "^1.0.3",
  		"react-native-toast-message": "^1.4.9",
  		"react-native-web": "~0.13.12",
  		"react-number-format": "^4.7.3",
  		"react-redux": "^7.2.4",
  		"redux": "^4.1.1",
  		"redux-saga": "^1.1.3"
  	},
  	"devDependencies": {
  		"@babel/core": "^7.9.0",
  		"babel-eslint": "^10.1.0",
  		"eslint": "^7.32.0",
  		"eslint-config-airbnb": "^18.2.1",
  		"eslint-config-prettier": "^8.3.0",
  		"eslint-plugin-import": "^2.24.0",
  		"eslint-plugin-jsx-a11y": "^6.4.1",
  		"eslint-plugin-prettier": "^3.4.0",
  		"eslint-plugin-react": "^7.24.0",
  		"eslint-plugin-react-hooks": "^4.2.0",
  		"eslint-plugin-react-native": "^3.11.0",
  		"husky": "4.3.8",
  		"lint-staged": "^11.1.2",
  		"prettier": "^2.3.2"
  	},
  	"husky": {
  		"hooks": {
  			"pre-commit": "lint-staged && echo All Doned"
  		}
  	},
  	"private": true
  }

yarn manifest: 
  No manifest

Lockfile: 
  No lockfile
